%!Adobe-FontList 1.16
%Locale:0x80a

%BeginFont
Handler:DirectoryHandler
FontType:Invalid
OutlineFileName:C:\Users\Identisa\Documents\Maquetacion SAB\Font\daf7250099031398385091fb5416e385.jpg
FileModTime:1421260949
%EndFont

%BeginFont
Handler:DirectoryHandler
FontType:Type1
FontName:Quicksand-Bold
FamilyName:Quicksand
StyleName:Bold
FullName:Quicksand Bold
MenuName:Quicksand
StyleBits:2
WritingScript:Roman
OutlineFileName:C:\Users\Identisa\Documents\Maquetacion SAB\Font\Quicksand-Bold.otf
DataFormat:sfntData
UsesStandardEncoding:yes
isCFF:yes
FileLength:29324
FileModTime:1421260949
WeightClass:700
WidthClass:5
AngleClass:0
NameArray:0,Mac,4,Quicksand Bold
NameArray:0,Win,1,Quicksand
%EndFont

%BeginFont
Handler:DirectoryHandler
FontType:Type1
FontName:Quicksand-BoldItalic
FamilyName:Quicksand
StyleName:Bold Italic
FullName:Quicksand Bold Italic
MenuName:Quicksand
StyleBits:3
WritingScript:Roman
OutlineFileName:C:\Users\Identisa\Documents\Maquetacion SAB\Font\Quicksand-BoldItalic.otf
DataFormat:sfntData
UsesStandardEncoding:yes
isCFF:yes
FileLength:29368
FileModTime:1421260949
WeightClass:700
WidthClass:5
AngleClass:1
NameArray:0,Mac,4,Quicksand Bold Italic
NameArray:0,Win,1,Quicksand
%EndFont

%BeginFont
Handler:DirectoryHandler
FontType:Type1
FontName:Quicksand-Italic
FamilyName:Quicksand
StyleName:Italic
FullName:Quicksand Italic
MenuName:Quicksand
StyleBits:1
WritingScript:Roman
OutlineFileName:C:\Users\Identisa\Documents\Maquetacion SAB\Font\Quicksand-Italic.otf
DataFormat:sfntData
UsesStandardEncoding:yes
isCFF:yes
FileLength:30404
FileModTime:1421260949
WeightClass:400
WidthClass:5
AngleClass:1
NameArray:0,Mac,4,Quicksand Italic
NameArray:0,Win,1,Quicksand
%EndFont

%BeginFont
Handler:DirectoryHandler
FontType:Type1
FontName:Quicksand-Light
FamilyName:Quicksand
StyleName:Light
FullName:Quicksand Light
MenuName:Quicksand
StyleBits:0
WritingScript:Roman
OutlineFileName:C:\Users\Identisa\Documents\Maquetacion SAB\Font\Quicksand-Light.otf
DataFormat:sfntData
UsesStandardEncoding:yes
isCFF:yes
FileLength:25852
FileModTime:1421260949
WeightClass:300
WidthClass:5
AngleClass:0
NameArray:0,Mac,4,Quicksand Light
NameArray:0,Win,1,Quicksand
%EndFont

%BeginFont
Handler:DirectoryHandler
FontType:Type1
FontName:Quicksand-LightItalic
FamilyName:Quicksand
StyleName:Light Italic
FullName:Quicksand Light Italic
MenuName:Quicksand
StyleBits:1
WritingScript:Roman
OutlineFileName:C:\Users\Identisa\Documents\Maquetacion SAB\Font\Quicksand-LightItalic.otf
DataFormat:sfntData
UsesStandardEncoding:yes
isCFF:yes
FileLength:27908
FileModTime:1421260949
WeightClass:300
WidthClass:5
AngleClass:1
NameArray:0,Mac,4,Quicksand Light Italic
NameArray:0,Win,1,Quicksand
%EndFont

%BeginFont
Handler:DirectoryHandler
FontType:Type1
FontName:Quicksand-Regular
FamilyName:Quicksand
StyleName:Regular
FullName:Quicksand Regular
MenuName:Quicksand
StyleBits:0
WritingScript:Roman
OutlineFileName:C:\Users\Identisa\Documents\Maquetacion SAB\Font\Quicksand-Regular.otf
DataFormat:sfntData
UsesStandardEncoding:yes
isCFF:yes
FileLength:28196
FileModTime:1421260949
WeightClass:400
WidthClass:5
AngleClass:0
NameArray:0,Mac,4,Quicksand Regular
NameArray:0,Win,1,Quicksand
%EndFont

%BeginFont
Handler:DirectoryHandler
FontType:Type1
FontName:QuicksandDash-Regular
FamilyName:Quicksand
StyleName:Dash
FullName:Quicksand Dash Regular
MenuName:Quicksand Dash
StyleBits:0
WritingScript:Roman
OutlineFileName:C:\Users\Identisa\Documents\Maquetacion SAB\Font\Quicksand_Dash.otf
DataFormat:sfntData
UsesStandardEncoding:yes
isCFF:yes
FileLength:60244
FileModTime:1421260949
WeightClass:200
WidthClass:5
AngleClass:0
NameArray:0,Mac,4,Quicksand Dash Regular
NameArray:0,Win,1,Quicksand Dash
NameArray:0,Win,16,Quicksand
%EndFont

%BeginFont
Handler:DirectoryHandler
FontType:Invalid
OutlineFileName:C:\Users\Identisa\Documents\Maquetacion SAB\Font\SIL Open Font License.txt
FileModTime:1421260949
%EndFont

